2025-11-26 13:16:02 INFO Starting My$PM
2025-11-26 13:16:02 INFO Starting Database watchdog
2025-11-26 13:16:02 DEBUG Checking if Master User exists
2025-11-26 13:16:02 INFO Creating Master User
2025-11-26 13:16:07 INFO Sanitizing Username
2025-11-26 13:16:07 INFO Sanitizing Password
2025-11-26 13:16:07 INFO Hashing the password
2025-11-26 13:16:07 INFO Uploading newly created Master User to the Database
2025-11-26 13:16:07 INFO Master User created successfully!
2025-11-26 13:16:07 INFO Starting Master User Authentication
2025-11-26 13:16:07 DEBUG Prompting for Master Username
2025-11-26 13:16:09 DEBUG Prompting for Master Password
2025-11-26 13:16:10 INFO Checking Master Login Credentials
2025-11-26 13:16:50 INFO Starting My$PM
2025-11-26 13:16:50 INFO Starting Database watchdog
2025-11-26 13:16:50 DEBUG Checking if Master User exists
2025-11-26 13:16:50 INFO Starting Master User Authentication
2025-11-26 13:16:50 DEBUG Prompting for Master Username
2025-11-26 13:16:53 DEBUG Prompting for Master Password
2025-11-26 13:16:53 INFO Checking Master Login Credentials
2025-11-26 13:16:53 INFO Empty vault detected, creating initial HMAC.
2025-11-26 13:17:49 INFO Starting My$PM
2025-11-26 13:17:49 INFO Starting Database watchdog
2025-11-26 13:17:49 DEBUG Checking if Master User exists
2025-11-26 13:17:49 INFO Starting Master User Authentication
2025-11-26 13:17:49 DEBUG Prompting for Master Username
2025-11-26 13:17:51 DEBUG Prompting for Master Password
2025-11-26 13:17:52 INFO Checking Master Login Credentials
2025-11-26 13:17:52 INFO Empty vault detected, creating initial HMAC.
2025-11-26 13:17:52 DEBUG Session 900 seconds started
2025-11-26 13:18:05 DEBUG User wants to create a login entry
2025-11-26 13:18:05 DEBUG Prompting user for entity name
2025-11-26 13:18:09 DEBUG Prompting user for site name
2025-11-26 13:18:17 DEBUG Prompting user for username
2025-11-26 13:18:23 DEBUG Prompting user for password length
2025-11-26 13:18:24 INFO Sanitizing the entity name
2025-11-26 13:18:24 INFO Sanitizing the site name
2025-11-26 13:18:24 INFO Sanitizing the username
2025-11-26 13:18:24 INFO Uploading the new login to the Database
2025-11-26 13:18:27 DEBUG User wants to create a login entry
2025-11-26 13:18:27 DEBUG Prompting user for entity name
2025-11-26 13:18:35 DEBUG Prompting user for site name
2025-11-26 13:18:39 DEBUG Prompting user for username
2025-11-26 13:18:41 DEBUG Prompting user for password length
2025-11-26 13:18:42 INFO Sanitizing the entity name
2025-11-26 13:18:42 INFO Sanitizing the site name
2025-11-26 13:18:42 INFO Sanitizing the username
2025-11-26 13:18:42 INFO Uploading the new login to the Database
2025-11-26 13:18:46 DEBUG User wants to find a login entry
2025-11-26 13:18:46 DEBUG Prompting for site name user is looking for
2025-11-26 13:18:52 DEBUG User left find_login function
2025-11-26 13:18:55 DEBUG Leaving the program
2025-11-26 13:18:55 DEBUG Database Watchdog stopped
2025-11-26 13:18:55 DEBUG Session Stopped
2025-11-26 13:19:04 INFO Starting My$PM
2025-11-26 13:19:04 INFO Starting Database watchdog
2025-11-26 13:19:04 DEBUG Checking if Master User exists
2025-11-26 13:19:04 INFO Starting Master User Authentication
2025-11-26 13:19:04 DEBUG Prompting for Master Username
2025-11-26 13:19:06 DEBUG Prompting for Master Password
2025-11-26 13:19:07 INFO Checking Master Login Credentials
2025-11-26 13:19:07 DEBUG Session 900 seconds started
2025-11-26 13:19:10 DEBUG Leaving the program
2025-11-26 13:19:10 DEBUG Database Watchdog stopped
2025-11-26 13:19:11 DEBUG Session Stopped
2025-11-26 13:20:07 INFO Starting My$PM
2025-11-26 13:20:07 INFO Starting Database watchdog
2025-11-26 13:20:07 DEBUG Checking if Master User exists
2025-11-26 13:20:07 INFO Starting Master User Authentication
2025-11-26 13:20:07 DEBUG Prompting for Master Username
2025-11-26 13:20:10 DEBUG Prompting for Master Password
2025-11-26 13:20:10 INFO Checking Master Login Credentials
2025-11-26 13:20:10 DEBUG Session 900 seconds started
2025-11-26 13:27:16 DEBUG User wants to create a login entry
2025-11-26 13:27:16 CRITICAL Vault was altered! Integrity check failed
2025-11-26 13:29:00 INFO Starting My$PM
2025-11-26 13:29:00 INFO Starting Database watchdog
2025-11-26 13:29:00 DEBUG Checking if Master User exists
2025-11-26 13:29:00 INFO Starting Master User Authentication
2025-11-26 13:29:00 DEBUG Prompting for Master Username
2025-11-26 13:29:01 DEBUG Prompting for Master Password
2025-11-26 13:29:02 INFO Checking Master Login Credentials
2025-11-26 13:29:02 CRITICAL Vault was altered! Integrity check failed
